#
# There is insufficient memory for the Java Runtime Environment to continue.
# Native memory allocation (mmap) failed to map 134217728 bytes. Error detail: G1 virtual space
# Possible reasons:
#   The system is out of physical RAM or swap space
#   This process is running with CompressedOops enabled, and the Java Heap may be blocking the growth of the native heap
# Possible solutions:
#   Reduce memory load on the system
#   Increase physical memory or swap space
#   Check if swap backing store is full
#   Decrease Java heap size (-Xmx/-Xms)
#   Decrease number of Java threads
#   Decrease Java thread stack sizes (-Xss)
#   Set larger code cache with -XX:ReservedCodeCacheSize=
#   JVM is running with Unscaled Compressed Oops mode in which the Java heap is
#     placed in the first 4GB address space. The Java Heap base address is the
#     maximum limit for the native heap growth. Please use -XX:HeapBaseMinAddress
#     to set the Java Heap base and to place the Java Heap above 4GB virtual address.
# This output file may be truncated or incomplete.
#
#  Out of Memory Error (os_windows.cpp:3614), pid=19520, tid=35096
#
# JRE version:  (17.0.13+11) (build )
# Java VM: OpenJDK 64-Bit Server VM (17.0.13+11-LTS, mixed mode, emulated-client, sharing, tiered, compressed oops, compressed class ptrs, g1 gc, windows-amd64)
# No core dump will be written. Minidumps are not enabled by default on client versions of Windows
#

---------------  S U M M A R Y ------------

Command Line: -XX:TieredStopAtLevel=1 -Dspring.output.ansi.enabled=always -Dcom.sun.management.jmxremote -Dspring.jmx.enabled=true -Dspring.liveBeansView.mbeanDomain -Dspring.application.admin.enabled=true -Dmanagement.endpoints.jmx.exposure.include=* -javaagent:D:\Program Files\JetBrains\IntelliJ IDEA 2024.3\lib\idea_rt.jar=59252:D:\Program Files\JetBrains\IntelliJ IDEA 2024.3\bin -Dfile.encoding=UTF-8 org.example.coffee.CoffeeApplication

Host: Intel(R) Core(TM) i7-3770 CPU @ 3.40GHz, 8 cores, 7G,  Windows 10 , 64 bit Build 19041 (10.0.19041.5072)
Time: Mon Dec  2 09:33:40 2024  Windows 10 , 64 bit Build 19041 (10.0.19041.5072) elapsed time: 0.043921 seconds (0d 0h 0m 0s)

---------------  T H R E A D  ---------------

Current thread (0x00000199558b11d0):  JavaThread "Unknown thread" [_thread_in_vm, id=35096, stack(0x0000002f48c00000,0x0000002f48d00000)]

Stack: [0x0000002f48c00000,0x0000002f48d00000]
Native frames: (J=compiled Java code, j=interpreted, Vv=VM code, C=native code)
V  [jvm.dll+0x680c19]
V  [jvm.dll+0x83888a]
V  [jvm.dll+0x83a34e]
V  [jvm.dll+0x83a9b3]
V  [jvm.dll+0x2481af]
V  [jvm.dll+0x67d959]
V  [jvm.dll+0x67242a]
V  [jvm.dll+0x30813b]
V  [jvm.dll+0x30f626]
V  [jvm.dll+0x35f94e]
V  [jvm.dll+0x35fb8f]
V  [jvm.dll+0x2df0ec]
V  [jvm.dll+0x2e0044]
V  [jvm.dll+0x80a04b]
V  [jvm.dll+0x36d6c1]
V  [jvm.dll+0x7e8975]
V  [jvm.dll+0x3f109f]
V  [jvm.dll+0x3f2c11]
C  [jli.dll+0x52ab]
C  [ucrtbase.dll+0x21bb2]
C  [KERNEL32.DLL+0x17374]
C  [ntdll.dll+0x4cc91]


---------------  P R O C E S S  ---------------

Threads class SMR info:
_java_thread_list=0x00007fffe4e08f58, length=0, elements={
}

Java Threads: ( => current thread )

Other Threads:
  0x000001995590d5c0 GCTaskThread "GC Thread#0" [stack: 0x0000002f48d00000,0x0000002f48e00000] [id=15592]
  0x000001995591e2a0 ConcurrentGCThread "G1 Main Marker" [stack: 0x0000002f48e00000,0x0000002f48f00000] [id=2672]
  0x000001995591f370 ConcurrentGCThread "G1 Conc#0" [stack: 0x0000002f48f00000,0x0000002f49000000] [id=20112]

[error occurred during error reporting (printing all threads), id 0xc0000005, EXCEPTION_ACCESS_VIOLATION (0xc0000005) at pc=0x00007fffe45bf827]

VM state: not at safepoint (not fully initialized)

VM Mutex/Monitor currently owned by a thread:  ([mutex/lock_event])
[0x00000199558ac790] Heap_lock - owner thread: 0x00000199558b11d0

Heap address: 0x0000000080c00000, size: 2036 MB, Compressed Oops mode: 32-bit

CDS archive(s) mapped at: [0x0000000000000000-0x0000000000000000-0x0000000000000000), size 0, SharedBaseAddress: 0x0000000800000000, ArchiveRelocationMode: 1.
Narrow klass base: 0x0000000000000000, Narrow klass shift: 0, Narrow klass range: 0x0

GC Precious Log:
<Empty>

Heap:
 garbage-first heap   total 0K, used 0K [0x0000000080c00000, 0x0000000100000000)
  region size 1024K, 0 young (0K), 0 survivors (0K)

[error occurred during error reporting (printing heap information), id 0xc0000005, EXCEPTION_ACCESS_VIOLATION (0xc0000005) at pc=0x00007fffe49a9e69]

GC Heap History (0 events):
No events

Dll operation events (1 events):
Event: 0.031 Loaded shared library C:\Users\Administrator\.jdks\corretto-17.0.13\bin\java.dll

Deoptimization events (0 events):
No events

Classes loaded (0 events):
No events

Classes unloaded (0 events):
No events

Classes redefined (0 events):
No events

Internal exceptions (0 events):
No events

VM Operations (0 events):
No events

Memory protections (0 events):
No events

Nmethod flushes (0 events):
No events

Events (0 events):
No events


Dynamic libraries:
0x00007ff6bd2f0000 - 0x00007ff6bd2fe000 	C:\Users\Administrator\.jdks\corretto-17.0.13\bin\java.exe
0x00007ff83e110000 - 0x00007ff83e308000 	C:\WINDOWS\SYSTEM32\ntdll.dll
0x00007ff83d920000 - 0x00007ff83d9e2000 	C:\WINDOWS\System32\KERNEL32.DLL
0x00007ff83bca0000 - 0x00007ff83bf9e000 	C:\WINDOWS\System32\KERNELBASE.dll
0x00007ff83baa0000 - 0x00007ff83bba0000 	C:\WINDOWS\System32\ucrtbase.dll
0x00007ff8352a0000 - 0x00007ff8352b7000 	C:\Users\Administrator\.jdks\corretto-17.0.13\bin\jli.dll
0x00007ff824640000 - 0x00007ff82465b000 	C:\Users\Administrator\.jdks\corretto-17.0.13\bin\VCRUNTIME140.dll
0x00007ff83c210000 - 0x00007ff83c3ad000 	C:\WINDOWS\System32\USER32.dll
0x00007ff83b9e0000 - 0x00007ff83ba02000 	C:\WINDOWS\System32\win32u.dll
0x00007ff83dd60000 - 0x00007ff83dd8b000 	C:\WINDOWS\System32\GDI32.dll
0x00007ff83b8c0000 - 0x00007ff83b9d7000 	C:\WINDOWS\System32\gdi32full.dll
0x00007ff83b7b0000 - 0x00007ff83b84d000 	C:\WINDOWS\System32\msvcp_win.dll
0x00007ff827630000 - 0x00007ff8278ca000 	C:\WINDOWS\WinSxS\amd64_microsoft.windows.common-controls_6595b64144ccf1df_6.0.19041.4355_none_60b8b9eb71f62e16\COMCTL32.dll
0x00007ff83c3c0000 - 0x00007ff83c45e000 	C:\WINDOWS\System32\msvcrt.dll
0x00007ff83cec0000 - 0x00007ff83ceef000 	C:\WINDOWS\System32\IMM32.DLL
0x00007ff835290000 - 0x00007ff83529c000 	C:\Users\Administrator\.jdks\corretto-17.0.13\bin\vcruntime140_1.dll
0x00007ff817540000 - 0x00007ff8175cd000 	C:\Users\Administrator\.jdks\corretto-17.0.13\bin\msvcp140.dll
0x00007fffe42d0000 - 0x00007fffe4f3c000 	C:\Users\Administrator\.jdks\corretto-17.0.13\bin\server\jvm.dll
0x00007ff83cda0000 - 0x00007ff83ce51000 	C:\WINDOWS\System32\ADVAPI32.dll
0x00007ff83d3d0000 - 0x00007ff83d46f000 	C:\WINDOWS\System32\sechost.dll
0x00007ff83df20000 - 0x00007ff83e043000 	C:\WINDOWS\System32\RPCRT4.dll
0x00007ff83bfa0000 - 0x00007ff83bfc7000 	C:\WINDOWS\System32\bcrypt.dll
0x00007ff83da70000 - 0x00007ff83dadb000 	C:\WINDOWS\System32\WS2_32.dll
0x00007ff83b320000 - 0x00007ff83b36b000 	C:\WINDOWS\SYSTEM32\POWRPROF.dll
0x00007ff831a00000 - 0x00007ff831a27000 	C:\WINDOWS\SYSTEM32\WINMM.dll
0x00007ff832c30000 - 0x00007ff832c3a000 	C:\WINDOWS\SYSTEM32\VERSION.dll
0x00007ff83b210000 - 0x00007ff83b222000 	C:\WINDOWS\SYSTEM32\UMPDC.dll
0x00007ff839650000 - 0x00007ff839662000 	C:\WINDOWS\SYSTEM32\kernel.appcore.dll
0x00007ff832a20000 - 0x00007ff832a2a000 	C:\Users\Administrator\.jdks\corretto-17.0.13\bin\jimage.dll
0x00007ff823840000 - 0x00007ff823a24000 	C:\WINDOWS\SYSTEM32\DBGHELP.DLL
0x00007ff822eb0000 - 0x00007ff822ee4000 	C:\WINDOWS\SYSTEM32\dbgcore.DLL
0x00007ff83ba10000 - 0x00007ff83ba92000 	C:\WINDOWS\System32\bcryptPrimitives.dll
0x00007ff825130000 - 0x00007ff82513e000 	C:\Users\Administrator\.jdks\corretto-17.0.13\bin\instrument.dll
0x00007ff8245b0000 - 0x00007ff8245d5000 	C:\Users\Administrator\.jdks\corretto-17.0.13\bin\java.dll

dbghelp: loaded successfully - version: 4.0.5 - missing functions: none
symbol engine: initialized successfully - sym options: 0x614 - pdb path: .;C:\Users\Administrator\.jdks\corretto-17.0.13\bin;C:\WINDOWS\SYSTEM32;C:\WINDOWS\WinSxS\amd64_microsoft.windows.common-controls_6595b64144ccf1df_6.0.19041.4355_none_60b8b9eb71f62e16;C:\Users\Administrator\.jdks\corretto-17.0.13\bin\server

VM Arguments:
jvm_args: -XX:TieredStopAtLevel=1 -Dspring.output.ansi.enabled=always -Dcom.sun.management.jmxremote -Dspring.jmx.enabled=true -Dspring.liveBeansView.mbeanDomain -Dspring.application.admin.enabled=true -Dmanagement.endpoints.jmx.exposure.include=* -javaagent:D:\Program Files\JetBrains\IntelliJ IDEA 2024.3\lib\idea_rt.jar=59252:D:\Program Files\JetBrains\IntelliJ IDEA 2024.3\bin -Dfile.encoding=UTF-8 
java_command: org.example.coffee.CoffeeApplication
java_class_path (initial): D:\JAVA\project1-team5\build\classes\java\main;D:\JAVA\project1-team5\build\resources\main;C:\Users\Administrator\.gradle\caches\modules-2\files-2.1\org.projectlombok\lombok\1.18.36\5a30490a6e14977d97d9c73c924c1f1b5311ea95\lombok-1.18.36.jar;C:\Users\Administrator\.gradle\caches\modules-2\files-2.1\org.springframework.boot\spring-boot-starter-web\3.4.0\5447a62dc3dee3eadf2def23314e0db4c81bb3\spring-boot-starter-web-3.4.0.jar;C:\Users\Administrator\.gradle\caches\modules-2\files-2.1\org.mybatis.spring.boot\mybatis-spring-boot-starter\3.0.4\2a56c4aa1f81aaef9abb0105f72702a737517d9a\mybatis-spring-boot-starter-3.0.4.jar;C:\Users\Administrator\.gradle\caches\modules-2\files-2.1\org.springdoc\springdoc-openapi-ui\1.7.0\f4763107b0fb1f9c17fe6523b2fd0ca6cb201d66\springdoc-openapi-ui-1.7.0.jar;C:\Users\Administrator\.gradle\caches\modules-2\files-2.1\org.springframework.boot\spring-boot-starter-json\3.4.0\b817379dd7629234dbacd52a7d5a6b11f95d8d67\spring-boot-starter-json-3.4.0.jar;C:\Users\Administrator\.gradle\caches\modules-2\files-2.1\org.springframework.boot\spring-boot-starter\3.4.0\81b6241291e468e5654a4df26ee8fb35c2879bbc\spring-boot-starter-3.4.0.jar;C:\Users\Administrator\.gradle\caches\modules-2\files-2.1\org.springframework.boot\spring-boot-starter-tomcat\3.4.0\90a4cb855aa6fab8da0a3831d8fff5e5a9093d6a\spring-boot-starter-tomcat-3.4.0.jar;C:\Users\Administrator\.gradle\caches\modules-2\files-2.1\org.springframework\spring-webmvc\6.2.0\2eddfeb4d7a12b1ed301bc07abc7e73bca94c2e9\spring-webmvc-6.2.0.jar;C:\Users\Administrator\.gradle\caches\modules-2\files-2.1\org.springframework\spring-web\6.2.0\e1b702476fe83b2354baf88b8179f71c53fbbfae\spring-web-6.2.0.jar;C:\Users\Administrator\.gradle\caches\modules-2\files-2.1\org.springframework.boot\spring-boot-starter-jdbc\3.4.0\8e24eb3bee1a26a5b0ef58ad677ac3f6bf58a4ea\spring-boot-starter-jdbc-3.4.0.jar;C:\Users\Administrator\.gradle\caches\modules-2\files-2.1\org.mybatis.spring.boot\mybatis-spring-boot-a
Launcher Type: SUN_STANDARD

[Global flags]
     intx CICompilerCount                          = 4                                         {product} {ergonomic}
     uint ConcGCThreads                            = 2                                         {product} {ergonomic}
     uint G1ConcRefinementThreads                  = 8                                         {product} {ergonomic}
   size_t G1HeapRegionSize                         = 1048576                                   {product} {ergonomic}
    uintx GCDrainStackTargetSize                   = 64                                        {product} {ergonomic}
   size_t InitialHeapSize                          = 134217728                                 {product} {ergonomic}
     bool ManagementServer                         = true                                      {product} {command line}
   size_t MarkStackSize                            = 4194304                                   {product} {ergonomic}
   size_t MaxHeapSize                              = 2134900736                                {product} {ergonomic}
   size_t MinHeapDeltaBytes                        = 1048576                                   {product} {ergonomic}
   size_t MinHeapSize                              = 8388608                                   {product} {ergonomic}
    uintx NonProfiledCodeHeapSize                  = 0                                      {pd product} {ergonomic}
     bool ProfileInterpreter                       = false                                  {pd product} {command line}
    uintx ProfiledCodeHeapSize                     = 0                                      {pd product} {ergonomic}
   size_t SoftMaxHeapSize                          = 2134900736                             {manageable} {ergonomic}
     intx TieredStopAtLevel                        = 1                                         {product} {command line}
     bool UseCompressedClassPointers               = true                           {product lp64_product} {ergonomic}
     bool UseCompressedOops                        = true                           {product lp64_product} {ergonomic}
     bool UseG1GC                                  = true                                      {product} {ergonomic}
     bool UseLargePagesIndividualAllocation        = false                                  {pd product} {ergonomic}

Logging:
Log output configuration:
 #0: stdout all=warning uptime,level,tags
 #1: stderr all=off uptime,level,tags

Environment Variables:
JAVA_HOME=C:\Program Files\Java\jdk-11.0.16
PATH=C:\Program Files\Java\jdk-11.0.16\bin;C:\Program Files\Common Files\Oracle\Java\javapath;C:\Program Files (x86)\Common Files\Oracle\Java\java8path;C:\Program Files (x86)\Common Files\Oracle\Java\javapath;C:\windows\system32;C:\windows;C:\windows\System32\Wbem;C:\windows\System32\WindowsPowerShell\v1.0\;C:\windows\System32\OpenSSH\;C:\Program Files (x86)\NVIDIA Corporation\PhysX\Common;C:\WINDOWS\system32;C:\WINDOWS;C:\WINDOWS\System32\Wbem;C:\WINDOWS\System32\WindowsPowerShell\v1.0\;C:\WINDOWS\System32\OpenSSH\;C:\Program Files\Git\cmd;C:\Program Files\nodejs\;C:\Program Files\nodejs\;C:\Program Files\nodejs;C:\Users\Administrator\Scripts\;C:\Users\Administrator\;C:\Users\Administrator\AppData\Local\Microsoft\WindowsApps;C:\Users\Administrator\AppData\Local\Programs\Microsoft VS Code\bin;C:\Users\Administrator\AppData\Roaming\npm;D:\Program Files\JetBrains\IntelliJ IDEA 2024.3\bin;;C:\Program Files (x86)\ESTsoft\ALSee\x64
USERNAME=Administrator
OS=Windows_NT
PROCESSOR_IDENTIFIER=Intel64 Family 6 Model 58 Stepping 9, GenuineIntel
TMP=C:\Users\ADMINI~1\AppData\Local\Temp
TEMP=C:\Users\ADMINI~1\AppData\Local\Temp



Periodic native trim disabled


---------------  S Y S T E M  ---------------

OS:
 Windows 10 , 64 bit Build 19041 (10.0.19041.5072)
OS uptime: 3 days 0:25 hours

CPU: total 8 (initial active 8) (4 cores per cpu, 2 threads per core) family 6 model 58 stepping 9 microcode 0x21, cx8, cmov, fxsr, ht, mmx, sse, sse2, sse3, ssse3, sse4.1, sse4.2, popcnt, tsc, tscinvbit, avx, aes, erms, clmul, vzeroupper, clflush
Processor Information for all 8 processors :
  Max Mhz: 3401, Current Mhz: 3401, Mhz Limit: 3401

Memory: 4k page, system-wide physical 8138M (544M free)
TotalPageFile size 22053M (AvailPageFile size 114M)
current process WorkingSet (physical memory assigned to process): 11M, peak: 11M
current process commit charge ("private bytes"): 55M, peak: 183M

vm_info: OpenJDK 64-Bit Server VM (17.0.13+11-LTS) for windows-amd64 JRE (17.0.13+11-LTS), built on Oct 10 2024 19:51:30 by "Administrator" with MS VC++ 16.10 / 16.11 (VS2019)

END.
